<?xml version="1.0" encoding="UTF-8"?>
<testsuites name="Test Suite Mobile" time="567.882" tests="1" failures="0" errors="0">
   <testsuite name="Test Suite Mobile" tests="1" failures="0" errors="0" time="567.882" skipped="0" timestamp="2022-11-05 14:03:36" hostname="Athif - DESKTOP-HMC26PQ" id="Test Suites/Test Suite Mobile">
      <properties>
         <property name="deviceName" value="Xiaomi M2101K7BNY (Android 12)"/>
         <property name="devicePlatform" value=""/>
         <property name="logFolder" value="C:\\Users\\Athif\\git\\MiniProjectMobile\\Reports\\20221105_140328\\Test Suite Mobile\\20221105_140328"/>
         <property name="logFiles" value="C:\\Users\\Athif\\git\\MiniProjectMobile\\Reports\\20221105_140328\\Test Suite Mobile\\20221105_140328\\appium.log, C:\\Users\\Athif\\git\\MiniProjectMobile\\Reports\\20221105_140328\\Test Suite Mobile\\20221105_140328\\execution0.log"/>
         <property name="attachments" value=""/>
         <property name="hostName" value="Athif - DESKTOP-HMC26PQ"/>
         <property name="os" value="Windows 10 64bit"/>
         <property name="appiumServerStatus" value="{&quot;value&quot;:{&quot;build&quot;:{&quot;version&quot;:&quot;1.22.3&quot;}},&quot;sessionId&quot;:null,&quot;status&quot;:0}"/>
         <property name="katalonVersion" value="8.3.0.208"/>
         <property name="deviceOS" value="Android"/>
         <property name="appiumVersion" value="1.22.3"/>
         <property name="deviceModel" value="M2101K7BNY"/>
         <property name="hostAddress" value="192.168.56.1"/>
         <property name="deviceManufacturer" value="Xiaomi"/>
         <property name="deviceId" value="FI99J76LSKHQEIWS"/>
         <property name="deviceName" value="Xiaomi M2101K7BNY (Android 12)"/>
         <property name="deviceOSVersion" value="12"/>
      </properties>
      <testcase name="Test Cases/Feature Test" time="567.346" classname="Test Cases/Feature Test" status="PASSED">
         <system-out><![CDATA[2022-11-05 14:03:37 - [TEST_CASE][PASSED] - Test Cases/Feature Test: Test Cases/Feature Test

2022-11-05 14:03:37 - [TEST_STEP][PASSED] - runFeatureFile("Include/features/register.feature"): Feature file: 'Include/features/register.feature' was passed

2022-11-05 14:03:37 - [MESSAGE][INFO] - Starting run keyword runFeatureFile: 'Include/features/register.feature' and extract report to folder: 'C:\Users\Athif\git\MiniProjectMobile\Reports\20221105_140328\Test Suite Mobile\20221105_140328/cucumber_report/1667631817958'...

2022-11-05 14:03:39 - [TEST_CASE][PASSED] - Start Test Case : SCENARIO Register new account: SCENARIO Register new account

2022-11-05 14:03:39 - [TEST_STEP][PASSED] - User navigate to homepage: User navigate to homepage

2022-11-05 14:03:40 - [MESSAGE][INFO] - Detected NodeJS location: "C:\Program Files\nodejs\node.exe"

2022-11-05 14:03:42 - [MESSAGE][INFO] - Appium server started on port 50,913

2022-11-05 14:04:12 - [MESSAGE][PASSED] - Starting app with application ID: 'com.example.frontend_mobile'

2022-11-05 14:04:12 - [MESSAGE][PASSED] - User navigate to homepage

2022-11-05 14:04:12 - [TEST_STEP][PASSED] - User tap on login button: User tap on login button

2022-11-05 14:04:12 - [MESSAGE][WARNING] - Timeout '0' is invalid. Using default page load timeout: '30'

2022-11-05 14:04:14 - [MESSAGE][PASSED] - Tapped on element 'Object Repository/android.login.Button'

2022-11-05 14:04:14 - [MESSAGE][PASSED] - User tap on login button

2022-11-05 14:04:14 - [TEST_STEP][PASSED] - User tap on register link: User tap on register link

2022-11-05 14:04:14 - [MESSAGE][WARNING] - Timeout '0' is invalid. Using default page load timeout: '30'

2022-11-05 14:04:26 - [MESSAGE][PASSED] - Tapped on element 'Object Repository/Register/android.widget.Button (4)'

2022-11-05 14:04:26 - [MESSAGE][PASSED] - User tap on register link

2022-11-05 14:04:26 - [TEST_STEP][PASSED] - User input zack , zackmobilegz1@gmail.com and zack123: User input zack , zackmobilegz1@gmail.com and zack123

2022-11-05 14:04:26 - [MESSAGE][WARNING] - Timeout '0' is invalid. Using default page load timeout: '30'

2022-11-05 14:04:28 - [MESSAGE][PASSED] - Tapped on element 'Object Repository/Register/android.widget.EditText - Alex Under, Fullname (2)'

2022-11-05 14:04:28 - [MESSAGE][WARNING] - Timeout '0' is invalid. Using default page load timeout: '30'

2022-11-05 14:04:29 - [MESSAGE][PASSED] - Text 'zack' has been set to element 'Object Repository/Register/android.widget.EditText - Alex Under, Fullname (3)'

2022-11-05 14:04:29 - [MESSAGE][WARNING] - Timeout '0' is invalid. Using default page load timeout: '30'

2022-11-05 14:04:31 - [MESSAGE][PASSED] - Tapped on element 'Object Repository/Register/android.widget.EditText - alexemail.com, Email (2)'

2022-11-05 14:04:31 - [MESSAGE][WARNING] - Timeout '0' is invalid. Using default page load timeout: '30'

2022-11-05 14:04:32 - [MESSAGE][PASSED] - Text 'zackmobilegz1@gmail.com' has been set to element 'Object Repository/Register/android.widget.EditText - alexemail.com, Email (3)'

2022-11-05 14:04:33 - [MESSAGE][WARNING] - Timeout '0' is invalid. Using default page load timeout: '30'

2022-11-05 14:04:33 - [MESSAGE][PASSED] - Tapped on element 'Object Repository/Register/android.widget.EditText - 123123123, Password (2)'

2022-11-05 14:04:33 - [MESSAGE][WARNING] - Timeout '0' is invalid. Using default page load timeout: '30'

2022-11-05 14:04:35 - [MESSAGE][PASSED] - Text 'zack123' has been set to element 'Object Repository/Register/android.widget.EditText - 123123123, Password (3)'

2022-11-05 14:04:35 - [MESSAGE][WARNING] - Timeout '0' is invalid. Using default page load timeout: '30'

2022-11-05 14:04:36 - [MESSAGE][PASSED] - Tapped on element 'Object Repository/android.register.Button'

2022-11-05 14:04:36 - [MESSAGE][PASSED] - User input zack , zackmobilegz1@gmail.com and zack123

2022-11-05 14:04:36 - [TEST_STEP][PASSED] - User success register new account: User success register new account

2022-11-05 14:04:37 - [MESSAGE][PASSED] - Press back button successfully

2022-11-05 14:04:37 - [MESSAGE][PASSED] - Close app successfully

2022-11-05 14:04:37 - [MESSAGE][PASSED] - User success register new account

2022-11-05 14:04:37 - [TEST_CASE][PASSED] - Start Test Case : SCENARIO Register new account with empty data: SCENARIO Register new account with empty data

2022-11-05 14:04:37 - [TEST_STEP][PASSED] - User navigate to homepage: User navigate to homepage

2022-11-05 14:04:37 - [MESSAGE][INFO] - Detected NodeJS location: "C:\Program Files\nodejs\node.exe"

2022-11-05 14:04:40 - [MESSAGE][INFO] - Appium server started on port 51,063

2022-11-05 14:05:15 - [MESSAGE][PASSED] - Starting app with application ID: 'com.example.frontend_mobile'

2022-11-05 14:05:15 - [MESSAGE][PASSED] - User navigate to homepage

2022-11-05 14:05:15 - [TEST_STEP][PASSED] - User tap on login button: User tap on login button

2022-11-05 14:05:15 - [MESSAGE][WARNING] - Timeout '0' is invalid. Using default page load timeout: '30'

2022-11-05 14:05:17 - [MESSAGE][PASSED] - Tapped on element 'Object Repository/android.login.Button'

2022-11-05 14:05:17 - [MESSAGE][PASSED] - User tap on login button

2022-11-05 14:05:17 - [TEST_STEP][PASSED] - User tap on register link: User tap on register link

2022-11-05 14:05:17 - [MESSAGE][WARNING] - Timeout '0' is invalid. Using default page load timeout: '30'

2022-11-05 14:05:20 - [MESSAGE][PASSED] - Tapped on element 'Object Repository/Register/android.widget.Button (4)'

2022-11-05 14:05:20 - [MESSAGE][PASSED] - User tap on register link

2022-11-05 14:05:20 - [TEST_STEP][PASSED] - User input zack , zackmobileee@gmail.com and zack123: User input zack , zackmobileee@gmail.com and zack123

2022-11-05 14:05:20 - [MESSAGE][WARNING] - Timeout '0' is invalid. Using default page load timeout: '30'

2022-11-05 14:05:21 - [MESSAGE][PASSED] - Tapped on element 'Object Repository/Register/android.widget.EditText - Alex Under, Fullname (2)'

2022-11-05 14:05:21 - [MESSAGE][WARNING] - Timeout '0' is invalid. Using default page load timeout: '30'

2022-11-05 14:05:22 - [MESSAGE][PASSED] - Text 'zack' has been set to element 'Object Repository/Register/android.widget.EditText - Alex Under, Fullname (3)'

2022-11-05 14:05:23 - [MESSAGE][WARNING] - Timeout '0' is invalid. Using default page load timeout: '30'

2022-11-05 14:05:24 - [MESSAGE][PASSED] - Tapped on element 'Object Repository/Register/android.widget.EditText - alexemail.com, Email (2)'

2022-11-05 14:05:24 - [MESSAGE][WARNING] - Timeout '0' is invalid. Using default page load timeout: '30'

2022-11-05 14:05:25 - [MESSAGE][PASSED] - Text 'zackmobileee@gmail.com' has been set to element 'Object Repository/Register/android.widget.EditText - alexemail.com, Email (3)'

2022-11-05 14:05:25 - [MESSAGE][WARNING] - Timeout '0' is invalid. Using default page load timeout: '30'

2022-11-05 14:05:27 - [MESSAGE][PASSED] - Tapped on element 'Object Repository/Register/android.widget.EditText - 123123123, Password (2)'

2022-11-05 14:05:27 - [MESSAGE][WARNING] - Timeout '0' is invalid. Using default page load timeout: '30'

2022-11-05 14:05:27 - [MESSAGE][PASSED] - Text 'zack123' has been set to element 'Object Repository/Register/android.widget.EditText - 123123123, Password (3)'

2022-11-05 14:05:28 - [MESSAGE][WARNING] - Timeout '0' is invalid. Using default page load timeout: '30'

2022-11-05 14:05:29 - [MESSAGE][PASSED] - Tapped on element 'Object Repository/android.register.Button'

2022-11-05 14:05:29 - [MESSAGE][PASSED] - User input zack , zackmobileee@gmail.com and zack123

2022-11-05 14:05:29 - [TEST_STEP][PASSED] - User failed register new account: User failed register new account

2022-11-05 14:05:29 - [MESSAGE][WARNING] - Timeout '0' is invalid. Using default page load timeout: '30'

2022-11-05 14:05:29 - [MESSAGE][PASSED] - Element 'Object Repository/android.register.Button' is visible

2022-11-05 14:05:29 - [MESSAGE][PASSED] - Press back button successfully

2022-11-05 14:05:30 - [MESSAGE][PASSED] - Close app successfully

2022-11-05 14:05:30 - [MESSAGE][PASSED] - User failed register new account

2022-11-05 14:05:30 - [TEST_CASE][PASSED] - Start Test Case : SCENARIO Register new account with empty data: SCENARIO Register new account with empty data

2022-11-05 14:05:30 - [TEST_STEP][PASSED] - User navigate to homepage: User navigate to homepage

2022-11-05 14:05:30 - [MESSAGE][INFO] - Detected NodeJS location: "C:\Program Files\nodejs\node.exe"

2022-11-05 14:05:32 - [MESSAGE][INFO] - Appium server started on port 51,219

2022-11-05 14:06:08 - [MESSAGE][PASSED] - Starting app with application ID: 'com.example.frontend_mobile'

2022-11-05 14:06:08 - [MESSAGE][PASSED] - User navigate to homepage

2022-11-05 14:06:08 - [TEST_STEP][PASSED] - User tap on login button: User tap on login button

2022-11-05 14:06:08 - [MESSAGE][WARNING] - Timeout '0' is invalid. Using default page load timeout: '30'

2022-11-05 14:06:10 - [MESSAGE][PASSED] - Tapped on element 'Object Repository/android.login.Button'

2022-11-05 14:06:10 - [MESSAGE][PASSED] - User tap on login button

2022-11-05 14:06:10 - [TEST_STEP][PASSED] - User tap on register link: User tap on register link

2022-11-05 14:06:10 - [MESSAGE][WARNING] - Timeout '0' is invalid. Using default page load timeout: '30'

2022-11-05 14:06:13 - [MESSAGE][PASSED] - Tapped on element 'Object Repository/Register/android.widget.Button (4)'

2022-11-05 14:06:13 - [MESSAGE][PASSED] - User tap on register link

2022-11-05 14:06:13 - [TEST_STEP][PASSED] - User input zack , zackmobileee@gmail.com and : User input zack , zackmobileee@gmail.com and 

2022-11-05 14:06:13 - [MESSAGE][WARNING] - Timeout '0' is invalid. Using default page load timeout: '30'

2022-11-05 14:06:15 - [MESSAGE][PASSED] - Tapped on element 'Object Repository/Register/android.widget.EditText - Alex Under, Fullname (2)'

2022-11-05 14:06:15 - [MESSAGE][WARNING] - Timeout '0' is invalid. Using default page load timeout: '30'

2022-11-05 14:06:16 - [MESSAGE][PASSED] - Text 'zack' has been set to element 'Object Repository/Register/android.widget.EditText - Alex Under, Fullname (3)'

2022-11-05 14:06:16 - [MESSAGE][WARNING] - Timeout '0' is invalid. Using default page load timeout: '30'

2022-11-05 14:06:17 - [MESSAGE][PASSED] - Tapped on element 'Object Repository/Register/android.widget.EditText - alexemail.com, Email (2)'

2022-11-05 14:06:17 - [MESSAGE][WARNING] - Timeout '0' is invalid. Using default page load timeout: '30'

2022-11-05 14:06:18 - [MESSAGE][PASSED] - Text 'zackmobileee@gmail.com' has been set to element 'Object Repository/Register/android.widget.EditText - alexemail.com, Email (3)'

2022-11-05 14:06:18 - [MESSAGE][WARNING] - Timeout '0' is invalid. Using default page load timeout: '30'

2022-11-05 14:06:19 - [MESSAGE][PASSED] - Tapped on element 'Object Repository/Register/android.widget.EditText - 123123123, Password (2)'

2022-11-05 14:06:19 - [MESSAGE][WARNING] - Timeout '0' is invalid. Using default page load timeout: '30'

2022-11-05 14:06:20 - [MESSAGE][PASSED] - Text '' has been set to element 'Object Repository/Register/android.widget.EditText - 123123123, Password (3)'

2022-11-05 14:06:20 - [MESSAGE][WARNING] - Timeout '0' is invalid. Using default page load timeout: '30'

2022-11-05 14:06:22 - [MESSAGE][PASSED] - Tapped on element 'Object Repository/android.register.Button'

2022-11-05 14:06:22 - [MESSAGE][PASSED] - User input zack , zackmobileee@gmail.com and 

2022-11-05 14:06:22 - [TEST_STEP][PASSED] - User failed register new account: User failed register new account

2022-11-05 14:06:22 - [MESSAGE][WARNING] - Timeout '0' is invalid. Using default page load timeout: '30'

2022-11-05 14:06:22 - [MESSAGE][PASSED] - Element 'Object Repository/android.register.Button' is visible

2022-11-05 14:06:22 - [MESSAGE][PASSED] - Press back button successfully

2022-11-05 14:06:23 - [MESSAGE][PASSED] - Close app successfully

2022-11-05 14:06:23 - [MESSAGE][PASSED] - User failed register new account

2022-11-05 14:06:23 - [TEST_CASE][PASSED] - Start Test Case : SCENARIO Register new account with empty data: SCENARIO Register new account with empty data

2022-11-05 14:06:23 - [TEST_STEP][PASSED] - User navigate to homepage: User navigate to homepage

2022-11-05 14:06:23 - [MESSAGE][INFO] - Detected NodeJS location: "C:\Program Files\nodejs\node.exe"

2022-11-05 14:06:25 - [MESSAGE][INFO] - Appium server started on port 51,377

2022-11-05 14:07:00 - [MESSAGE][PASSED] - Starting app with application ID: 'com.example.frontend_mobile'

2022-11-05 14:07:00 - [MESSAGE][PASSED] - User navigate to homepage

2022-11-05 14:07:00 - [TEST_STEP][PASSED] - User tap on login button: User tap on login button

2022-11-05 14:07:00 - [MESSAGE][WARNING] - Timeout '0' is invalid. Using default page load timeout: '30'

2022-11-05 14:07:02 - [MESSAGE][PASSED] - Tapped on element 'Object Repository/android.login.Button'

2022-11-05 14:07:02 - [MESSAGE][PASSED] - User tap on login button

2022-11-05 14:07:02 - [TEST_STEP][PASSED] - User tap on register link: User tap on register link

2022-11-05 14:07:02 - [MESSAGE][WARNING] - Timeout '0' is invalid. Using default page load timeout: '30'

2022-11-05 14:07:06 - [MESSAGE][PASSED] - Tapped on element 'Object Repository/Register/android.widget.Button (4)'

2022-11-05 14:07:06 - [MESSAGE][PASSED] - User tap on register link

2022-11-05 14:07:06 - [TEST_STEP][PASSED] - User input zack ,  and zack123: User input zack ,  and zack123

2022-11-05 14:07:07 - [MESSAGE][WARNING] - Timeout '0' is invalid. Using default page load timeout: '30'

2022-11-05 14:07:08 - [MESSAGE][PASSED] - Tapped on element 'Object Repository/Register/android.widget.EditText - Alex Under, Fullname (2)'

2022-11-05 14:07:08 - [MESSAGE][WARNING] - Timeout '0' is invalid. Using default page load timeout: '30'

2022-11-05 14:07:09 - [MESSAGE][PASSED] - Text 'zack' has been set to element 'Object Repository/Register/android.widget.EditText - Alex Under, Fullname (3)'

2022-11-05 14:07:09 - [MESSAGE][WARNING] - Timeout '0' is invalid. Using default page load timeout: '30'

2022-11-05 14:07:11 - [MESSAGE][PASSED] - Tapped on element 'Object Repository/Register/android.widget.EditText - alexemail.com, Email (2)'

2022-11-05 14:07:11 - [MESSAGE][WARNING] - Timeout '0' is invalid. Using default page load timeout: '30'

2022-11-05 14:07:12 - [MESSAGE][PASSED] - Text '' has been set to element 'Object Repository/Register/android.widget.EditText - alexemail.com, Email (3)'

2022-11-05 14:07:12 - [MESSAGE][WARNING] - Timeout '0' is invalid. Using default page load timeout: '30'

2022-11-05 14:07:13 - [MESSAGE][PASSED] - Tapped on element 'Object Repository/Register/android.widget.EditText - 123123123, Password (2)'

2022-11-05 14:07:13 - [MESSAGE][WARNING] - Timeout '0' is invalid. Using default page load timeout: '30'

2022-11-05 14:07:14 - [MESSAGE][PASSED] - Text 'zack123' has been set to element 'Object Repository/Register/android.widget.EditText - 123123123, Password (3)'

2022-11-05 14:07:14 - [MESSAGE][WARNING] - Timeout '0' is invalid. Using default page load timeout: '30'

2022-11-05 14:07:15 - [MESSAGE][PASSED] - Tapped on element 'Object Repository/android.register.Button'

2022-11-05 14:07:15 - [MESSAGE][PASSED] - User input zack ,  and zack123

2022-11-05 14:07:15 - [TEST_STEP][PASSED] - User failed register new account: User failed register new account

2022-11-05 14:07:15 - [MESSAGE][WARNING] - Timeout '0' is invalid. Using default page load timeout: '30'

2022-11-05 14:07:16 - [MESSAGE][PASSED] - Element 'Object Repository/android.register.Button' is visible

2022-11-05 14:07:16 - [MESSAGE][PASSED] - Press back button successfully

2022-11-05 14:07:17 - [MESSAGE][PASSED] - Close app successfully

2022-11-05 14:07:17 - [MESSAGE][PASSED] - User failed register new account

2022-11-05 14:07:17 - [TEST_CASE][PASSED] - Start Test Case : SCENARIO Register new account with empty data: SCENARIO Register new account with empty data

2022-11-05 14:07:17 - [TEST_STEP][PASSED] - User navigate to homepage: User navigate to homepage

2022-11-05 14:07:17 - [MESSAGE][INFO] - Detected NodeJS location: "C:\Program Files\nodejs\node.exe"

2022-11-05 14:07:18 - [MESSAGE][INFO] - Appium server started on port 51,533

2022-11-05 14:07:53 - [MESSAGE][PASSED] - Starting app with application ID: 'com.example.frontend_mobile'

2022-11-05 14:07:53 - [MESSAGE][PASSED] - User navigate to homepage

2022-11-05 14:07:53 - [TEST_STEP][PASSED] - User tap on login button: User tap on login button

2022-11-05 14:07:54 - [MESSAGE][WARNING] - Timeout '0' is invalid. Using default page load timeout: '30'

2022-11-05 14:07:55 - [MESSAGE][PASSED] - Tapped on element 'Object Repository/android.login.Button'

2022-11-05 14:07:55 - [MESSAGE][PASSED] - User tap on login button

2022-11-05 14:07:55 - [TEST_STEP][PASSED] - User tap on register link: User tap on register link

2022-11-05 14:07:56 - [MESSAGE][WARNING] - Timeout '0' is invalid. Using default page load timeout: '30'

2022-11-05 14:08:04 - [MESSAGE][PASSED] - Tapped on element 'Object Repository/Register/android.widget.Button (4)'

2022-11-05 14:08:04 - [MESSAGE][PASSED] - User tap on register link

2022-11-05 14:08:04 - [TEST_STEP][PASSED] - User input  , zackmobileee@gmail.com and zack123: User input  , zackmobileee@gmail.com and zack123

2022-11-05 14:08:04 - [MESSAGE][WARNING] - Timeout '0' is invalid. Using default page load timeout: '30'

2022-11-05 14:08:06 - [MESSAGE][PASSED] - Tapped on element 'Object Repository/Register/android.widget.EditText - Alex Under, Fullname (2)'

2022-11-05 14:08:06 - [MESSAGE][WARNING] - Timeout '0' is invalid. Using default page load timeout: '30'

2022-11-05 14:08:07 - [MESSAGE][PASSED] - Text '' has been set to element 'Object Repository/Register/android.widget.EditText - Alex Under, Fullname (3)'

2022-11-05 14:08:07 - [MESSAGE][WARNING] - Timeout '0' is invalid. Using default page load timeout: '30'

2022-11-05 14:08:07 - [MESSAGE][PASSED] - Tapped on element 'Object Repository/Register/android.widget.EditText - alexemail.com, Email (2)'

2022-11-05 14:08:07 - [MESSAGE][WARNING] - Timeout '0' is invalid. Using default page load timeout: '30'

2022-11-05 14:08:09 - [MESSAGE][PASSED] - Text 'zackmobileee@gmail.com' has been set to element 'Object Repository/Register/android.widget.EditText - alexemail.com, Email (3)'

2022-11-05 14:08:09 - [MESSAGE][WARNING] - Timeout '0' is invalid. Using default page load timeout: '30'

2022-11-05 14:08:09 - [MESSAGE][PASSED] - Tapped on element 'Object Repository/Register/android.widget.EditText - 123123123, Password (2)'

2022-11-05 14:08:10 - [MESSAGE][WARNING] - Timeout '0' is invalid. Using default page load timeout: '30'

2022-11-05 14:08:11 - [MESSAGE][PASSED] - Text 'zack123' has been set to element 'Object Repository/Register/android.widget.EditText - 123123123, Password (3)'

2022-11-05 14:08:11 - [MESSAGE][WARNING] - Timeout '0' is invalid. Using default page load timeout: '30'

2022-11-05 14:08:12 - [MESSAGE][PASSED] - Tapped on element 'Object Repository/android.register.Button'

2022-11-05 14:08:12 - [MESSAGE][PASSED] - User input  , zackmobileee@gmail.com and zack123

2022-11-05 14:08:12 - [TEST_STEP][PASSED] - User failed register new account: User failed register new account

2022-11-05 14:08:12 - [MESSAGE][WARNING] - Timeout '0' is invalid. Using default page load timeout: '30'

2022-11-05 14:08:13 - [MESSAGE][PASSED] - Element 'Object Repository/android.register.Button' is visible

2022-11-05 14:08:13 - [MESSAGE][PASSED] - Press back button successfully

2022-11-05 14:08:13 - [MESSAGE][PASSED] - Close app successfully

2022-11-05 14:08:13 - [MESSAGE][PASSED] - User failed register new account

2022-11-05 14:08:13 - [MESSAGE][PASSED] - Feature file: 'Include/features/register.feature' was passed

2022-11-05 14:08:13 - [TEST_STEP][PASSED] - runFeatureFile("Include/features/login.feature"): Feature file: 'Include/features/login.feature' was passed

2022-11-05 14:08:13 - [MESSAGE][INFO] - Starting run keyword runFeatureFile: 'Include/features/login.feature' and extract report to folder: 'C:\Users\Athif\git\MiniProjectMobile\Reports\20221105_140328\Test Suite Mobile\20221105_140328/cucumber_report/1667632093826'...

2022-11-05 14:08:14 - [TEST_CASE][PASSED] - Start Test Case : SCENARIO Login with valid account: SCENARIO Login with valid account

2022-11-05 14:08:14 - [TEST_STEP][PASSED] - User navigate to homepage: User navigate to homepage

2022-11-05 14:08:14 - [MESSAGE][INFO] - Detected NodeJS location: "C:\Program Files\nodejs\node.exe"

2022-11-05 14:08:15 - [MESSAGE][INFO] - Appium server started on port 51,690

2022-11-05 14:08:50 - [MESSAGE][PASSED] - Starting app with application ID: 'com.example.frontend_mobile'

2022-11-05 14:08:50 - [MESSAGE][PASSED] - User navigate to homepage

2022-11-05 14:08:50 - [TEST_STEP][PASSED] - User tap on login button: User tap on login button

2022-11-05 14:08:50 - [MESSAGE][WARNING] - Timeout '0' is invalid. Using default page load timeout: '30'

2022-11-05 14:08:53 - [MESSAGE][PASSED] - Tapped on element 'Object Repository/android.login.Button'

2022-11-05 14:08:53 - [MESSAGE][PASSED] - User tap on login button

2022-11-05 14:08:53 - [TEST_STEP][PASSED] - Input zackmobile@gmail.com and zack123: Input zackmobile@gmail.com and zack123

2022-11-05 14:08:53 - [MESSAGE][WARNING] - Timeout '0' is invalid. Using default page load timeout: '30'

2022-11-05 14:08:57 - [MESSAGE][PASSED] - Tapped on element 'Object Repository/Login/android.widget.EditText - Email'

2022-11-05 14:08:58 - [MESSAGE][WARNING] - Timeout '0' is invalid. Using default page load timeout: '30'

2022-11-05 14:08:58 - [MESSAGE][PASSED] - Text 'zackmobile@gmail.com' has been set to element 'Object Repository/Login/android.widget.EditText - Email (1)'

2022-11-05 14:08:58 - [MESSAGE][WARNING] - Timeout '0' is invalid. Using default page load timeout: '30'

2022-11-05 14:08:59 - [MESSAGE][PASSED] - Tapped on element 'Object Repository/Login/android.widget.EditText - Password'

2022-11-05 14:08:59 - [MESSAGE][WARNING] - Timeout '0' is invalid. Using default page load timeout: '30'

2022-11-05 14:09:00 - [MESSAGE][PASSED] - Text 'zack123' has been set to element 'Object Repository/Login/android.widget.EditText - Password (1)'

2022-11-05 14:09:00 - [MESSAGE][WARNING] - Timeout '0' is invalid. Using default page load timeout: '30'

2022-11-05 14:09:01 - [MESSAGE][PASSED] - Tapped on element 'Object Repository/Login/android.widget.Button (1)'

2022-11-05 14:09:01 - [MESSAGE][PASSED] - Input zackmobile@gmail.com and zack123

2022-11-05 14:09:01 - [TEST_STEP][PASSED] - User success login and navigate to homepage: User success login and navigate to homepage

2022-11-05 14:09:01 - [MESSAGE][WARNING] - Timeout '0' is invalid. Using default page load timeout: '30'

2022-11-05 14:09:03 - [MESSAGE][PASSED] - Element 'Object Repository/Login/android.view.View' is visible

2022-11-05 14:09:03 - [MESSAGE][PASSED] - Press back button successfully

2022-11-05 14:09:04 - [MESSAGE][PASSED] - Close app successfully

2022-11-05 14:09:04 - [MESSAGE][PASSED] - User success login and navigate to homepage

2022-11-05 14:09:04 - [TEST_CASE][PASSED] - Start Test Case : SCENARIO Login with false data: SCENARIO Login with false data

2022-11-05 14:09:04 - [TEST_STEP][PASSED] - User navigate to homepage: User navigate to homepage

2022-11-05 14:09:04 - [MESSAGE][INFO] - Detected NodeJS location: "C:\Program Files\nodejs\node.exe"

2022-11-05 14:09:06 - [MESSAGE][INFO] - Appium server started on port 51,844

2022-11-05 14:09:40 - [MESSAGE][PASSED] - Starting app with application ID: 'com.example.frontend_mobile'

2022-11-05 14:09:40 - [MESSAGE][PASSED] - User navigate to homepage

2022-11-05 14:09:40 - [TEST_STEP][PASSED] - User tap on login button: User tap on login button

2022-11-05 14:09:40 - [MESSAGE][WARNING] - Timeout '0' is invalid. Using default page load timeout: '30'

2022-11-05 14:09:42 - [MESSAGE][PASSED] - Tapped on element 'Object Repository/android.login.Button'

2022-11-05 14:09:42 - [MESSAGE][PASSED] - User tap on login button

2022-11-05 14:09:42 - [TEST_STEP][PASSED] - Input aaaaaaa and zack123: Input aaaaaaa and zack123

2022-11-05 14:09:42 - [MESSAGE][WARNING] - Timeout '0' is invalid. Using default page load timeout: '30'

2022-11-05 14:09:43 - [MESSAGE][PASSED] - Tapped on element 'Object Repository/Login/android.widget.EditText - Email'

2022-11-05 14:09:43 - [MESSAGE][WARNING] - Timeout '0' is invalid. Using default page load timeout: '30'

2022-11-05 14:09:43 - [MESSAGE][PASSED] - Text 'aaaaaaa' has been set to element 'Object Repository/Login/android.widget.EditText - Email (1)'

2022-11-05 14:09:44 - [MESSAGE][WARNING] - Timeout '0' is invalid. Using default page load timeout: '30'

2022-11-05 14:09:45 - [MESSAGE][PASSED] - Tapped on element 'Object Repository/Login/android.widget.EditText - Password'

2022-11-05 14:09:45 - [MESSAGE][WARNING] - Timeout '0' is invalid. Using default page load timeout: '30'

2022-11-05 14:09:45 - [MESSAGE][PASSED] - Text 'zack123' has been set to element 'Object Repository/Login/android.widget.EditText - Password (1)'

2022-11-05 14:09:46 - [MESSAGE][WARNING] - Timeout '0' is invalid. Using default page load timeout: '30'

2022-11-05 14:09:47 - [MESSAGE][PASSED] - Tapped on element 'Object Repository/Login/android.widget.Button (1)'

2022-11-05 14:09:47 - [MESSAGE][PASSED] - Input aaaaaaa and zack123

2022-11-05 14:09:47 - [TEST_STEP][PASSED] - User failed login: User failed login

2022-11-05 14:09:47 - [MESSAGE][WARNING] - Timeout '0' is invalid. Using default page load timeout: '30'

2022-11-05 14:09:47 - [MESSAGE][PASSED] - Element 'Object Repository/android.login.Button' is visible

2022-11-05 14:09:47 - [MESSAGE][PASSED] - Press back button successfully

2022-11-05 14:09:48 - [MESSAGE][PASSED] - Close app successfully

2022-11-05 14:09:48 - [MESSAGE][PASSED] - User failed login

2022-11-05 14:09:48 - [TEST_CASE][PASSED] - Start Test Case : SCENARIO Login with false data: SCENARIO Login with false data

2022-11-05 14:09:48 - [TEST_STEP][PASSED] - User navigate to homepage: User navigate to homepage

2022-11-05 14:09:48 - [MESSAGE][INFO] - Detected NodeJS location: "C:\Program Files\nodejs\node.exe"

2022-11-05 14:09:49 - [MESSAGE][INFO] - Appium server started on port 51,994

2022-11-05 14:10:24 - [MESSAGE][PASSED] - Starting app with application ID: 'com.example.frontend_mobile'

2022-11-05 14:10:24 - [MESSAGE][PASSED] - User navigate to homepage

2022-11-05 14:10:24 - [TEST_STEP][PASSED] - User tap on login button: User tap on login button

2022-11-05 14:10:24 - [MESSAGE][WARNING] - Timeout '0' is invalid. Using default page load timeout: '30'

2022-11-05 14:10:26 - [MESSAGE][PASSED] - Tapped on element 'Object Repository/android.login.Button'

2022-11-05 14:10:26 - [MESSAGE][PASSED] - User tap on login button

2022-11-05 14:10:26 - [TEST_STEP][PASSED] - Input zackmobile@gmail.com and ..x.xz: Input zackmobile@gmail.com and ..x.xz

2022-11-05 14:10:26 - [MESSAGE][WARNING] - Timeout '0' is invalid. Using default page load timeout: '30'

2022-11-05 14:10:33 - [MESSAGE][PASSED] - Tapped on element 'Object Repository/Login/android.widget.EditText - Email'

2022-11-05 14:10:33 - [MESSAGE][WARNING] - Timeout '0' is invalid. Using default page load timeout: '30'

2022-11-05 14:10:33 - [MESSAGE][PASSED] - Text 'zackmobile@gmail.com' has been set to element 'Object Repository/Login/android.widget.EditText - Email (1)'

2022-11-05 14:10:33 - [MESSAGE][WARNING] - Timeout '0' is invalid. Using default page load timeout: '30'

2022-11-05 14:10:34 - [MESSAGE][PASSED] - Tapped on element 'Object Repository/Login/android.widget.EditText - Password'

2022-11-05 14:10:34 - [MESSAGE][WARNING] - Timeout '0' is invalid. Using default page load timeout: '30'

2022-11-05 14:10:34 - [MESSAGE][PASSED] - Text '..x.xz' has been set to element 'Object Repository/Login/android.widget.EditText - Password (1)'

2022-11-05 14:10:34 - [MESSAGE][WARNING] - Timeout '0' is invalid. Using default page load timeout: '30'

2022-11-05 14:10:36 - [MESSAGE][PASSED] - Tapped on element 'Object Repository/Login/android.widget.Button (1)'

2022-11-05 14:10:36 - [MESSAGE][PASSED] - Input zackmobile@gmail.com and ..x.xz

2022-11-05 14:10:36 - [TEST_STEP][PASSED] - User failed login: User failed login

2022-11-05 14:10:36 - [MESSAGE][WARNING] - Timeout '0' is invalid. Using default page load timeout: '30'

2022-11-05 14:10:36 - [MESSAGE][PASSED] - Element 'Object Repository/android.login.Button' is visible

2022-11-05 14:10:36 - [MESSAGE][PASSED] - Press back button successfully

2022-11-05 14:10:37 - [MESSAGE][PASSED] - Close app successfully

2022-11-05 14:10:37 - [MESSAGE][PASSED] - User failed login

2022-11-05 14:10:37 - [TEST_CASE][PASSED] - Start Test Case : SCENARIO Login with empty data: SCENARIO Login with empty data

2022-11-05 14:10:37 - [TEST_STEP][PASSED] - User navigate to homepage: User navigate to homepage

2022-11-05 14:10:37 - [MESSAGE][INFO] - Detected NodeJS location: "C:\Program Files\nodejs\node.exe"

2022-11-05 14:10:38 - [MESSAGE][INFO] - Appium server started on port 52,149

2022-11-05 14:11:04 - [MESSAGE][PASSED] - Starting app with application ID: 'com.example.frontend_mobile'

2022-11-05 14:11:04 - [MESSAGE][PASSED] - User navigate to homepage

2022-11-05 14:11:04 - [TEST_STEP][PASSED] - User tap on login button: User tap on login button

2022-11-05 14:11:04 - [MESSAGE][WARNING] - Timeout '0' is invalid. Using default page load timeout: '30'

2022-11-05 14:11:06 - [MESSAGE][PASSED] - Tapped on element 'Object Repository/android.login.Button'

2022-11-05 14:11:06 - [MESSAGE][PASSED] - User tap on login button

2022-11-05 14:11:06 - [TEST_STEP][PASSED] - Input zackmobile@gmail.com and : Input zackmobile@gmail.com and 

2022-11-05 14:11:06 - [MESSAGE][WARNING] - Timeout '0' is invalid. Using default page load timeout: '30'

2022-11-05 14:11:16 - [MESSAGE][PASSED] - Tapped on element 'Object Repository/Login/android.widget.EditText - Email'

2022-11-05 14:11:16 - [MESSAGE][WARNING] - Timeout '0' is invalid. Using default page load timeout: '30'

2022-11-05 14:11:17 - [MESSAGE][PASSED] - Text 'zackmobile@gmail.com' has been set to element 'Object Repository/Login/android.widget.EditText - Email (1)'

2022-11-05 14:11:17 - [MESSAGE][WARNING] - Timeout '0' is invalid. Using default page load timeout: '30'

2022-11-05 14:11:18 - [MESSAGE][PASSED] - Tapped on element 'Object Repository/Login/android.widget.EditText - Password'

2022-11-05 14:11:18 - [MESSAGE][WARNING] - Timeout '0' is invalid. Using default page load timeout: '30'

2022-11-05 14:11:18 - [MESSAGE][PASSED] - Text '' has been set to element 'Object Repository/Login/android.widget.EditText - Password (1)'

2022-11-05 14:11:18 - [MESSAGE][WARNING] - Timeout '0' is invalid. Using default page load timeout: '30'

2022-11-05 14:11:19 - [MESSAGE][PASSED] - Tapped on element 'Object Repository/Login/android.widget.Button (1)'

2022-11-05 14:11:19 - [MESSAGE][PASSED] - Input zackmobile@gmail.com and 

2022-11-05 14:11:19 - [TEST_STEP][PASSED] - User failed login: User failed login

2022-11-05 14:11:19 - [MESSAGE][WARNING] - Timeout '0' is invalid. Using default page load timeout: '30'

2022-11-05 14:11:20 - [MESSAGE][PASSED] - Element 'Object Repository/android.login.Button' is visible

2022-11-05 14:11:20 - [MESSAGE][PASSED] - Press back button successfully

2022-11-05 14:11:20 - [MESSAGE][PASSED] - Close app successfully

2022-11-05 14:11:20 - [MESSAGE][PASSED] - User failed login

2022-11-05 14:11:20 - [TEST_CASE][PASSED] - Start Test Case : SCENARIO Login with empty data: SCENARIO Login with empty data

2022-11-05 14:11:20 - [TEST_STEP][PASSED] - User navigate to homepage: User navigate to homepage

2022-11-05 14:11:20 - [MESSAGE][INFO] - Detected NodeJS location: "C:\Program Files\nodejs\node.exe"

2022-11-05 14:11:22 - [MESSAGE][INFO] - Appium server started on port 52,291

2022-11-05 14:11:57 - [MESSAGE][PASSED] - Starting app with application ID: 'com.example.frontend_mobile'

2022-11-05 14:11:57 - [MESSAGE][PASSED] - User navigate to homepage

2022-11-05 14:11:57 - [TEST_STEP][PASSED] - User tap on login button: User tap on login button

2022-11-05 14:11:57 - [MESSAGE][WARNING] - Timeout '0' is invalid. Using default page load timeout: '30'

2022-11-05 14:11:59 - [MESSAGE][PASSED] - Tapped on element 'Object Repository/android.login.Button'

2022-11-05 14:11:59 - [MESSAGE][PASSED] - User tap on login button

2022-11-05 14:11:59 - [TEST_STEP][PASSED] - Input  and zack123: Input  and zack123

2022-11-05 14:11:59 - [MESSAGE][WARNING] - Timeout '0' is invalid. Using default page load timeout: '30'

2022-11-05 14:12:07 - [MESSAGE][PASSED] - Tapped on element 'Object Repository/Login/android.widget.EditText - Email'

2022-11-05 14:12:07 - [MESSAGE][WARNING] - Timeout '0' is invalid. Using default page load timeout: '30'

2022-11-05 14:12:07 - [MESSAGE][PASSED] - Text '' has been set to element 'Object Repository/Login/android.widget.EditText - Email (1)'

2022-11-05 14:12:07 - [MESSAGE][WARNING] - Timeout '0' is invalid. Using default page load timeout: '30'

2022-11-05 14:12:08 - [MESSAGE][PASSED] - Tapped on element 'Object Repository/Login/android.widget.EditText - Password'

2022-11-05 14:12:08 - [MESSAGE][WARNING] - Timeout '0' is invalid. Using default page load timeout: '30'

2022-11-05 14:12:08 - [MESSAGE][PASSED] - Text 'zack123' has been set to element 'Object Repository/Login/android.widget.EditText - Password (1)'

2022-11-05 14:12:08 - [MESSAGE][WARNING] - Timeout '0' is invalid. Using default page load timeout: '30'

2022-11-05 14:12:09 - [MESSAGE][PASSED] - Tapped on element 'Object Repository/Login/android.widget.Button (1)'

2022-11-05 14:12:09 - [MESSAGE][PASSED] - Input  and zack123

2022-11-05 14:12:09 - [TEST_STEP][PASSED] - User failed login: User failed login

2022-11-05 14:12:09 - [MESSAGE][WARNING] - Timeout '0' is invalid. Using default page load timeout: '30'

2022-11-05 14:12:10 - [MESSAGE][PASSED] - Element 'Object Repository/android.login.Button' is visible

2022-11-05 14:12:10 - [MESSAGE][PASSED] - Press back button successfully

2022-11-05 14:12:10 - [MESSAGE][PASSED] - Close app successfully

2022-11-05 14:12:10 - [MESSAGE][PASSED] - User failed login

2022-11-05 14:12:10 - [MESSAGE][PASSED] - Feature file: 'Include/features/login.feature' was passed

2022-11-05 14:12:10 - [TEST_STEP][PASSED] - runFeatureFile("Include/features/logout.feature"): Feature file: 'Include/features/logout.feature' was passed

2022-11-05 14:12:10 - [MESSAGE][INFO] - Starting run keyword runFeatureFile: 'Include/features/logout.feature' and extract report to folder: 'C:\Users\Athif\git\MiniProjectMobile\Reports\20221105_140328\Test Suite Mobile\20221105_140328/cucumber_report/1667632330807'...

2022-11-05 14:12:11 - [TEST_CASE][PASSED] - Start Test Case : SCENARIO Logout from logged in account: SCENARIO Logout from logged in account

2022-11-05 14:12:11 - [TEST_STEP][PASSED] - User navigate to homepage: User navigate to homepage

2022-11-05 14:12:11 - [MESSAGE][INFO] - Detected NodeJS location: "C:\Program Files\nodejs\node.exe"

2022-11-05 14:12:13 - [MESSAGE][INFO] - Appium server started on port 52,446

2022-11-05 14:12:48 - [MESSAGE][PASSED] - Starting app with application ID: 'com.example.frontend_mobile'

2022-11-05 14:12:48 - [MESSAGE][PASSED] - User navigate to homepage

2022-11-05 14:12:48 - [TEST_STEP][PASSED] - User already logged in with account: User already logged in with account

2022-11-05 14:12:48 - [MESSAGE][WARNING] - Timeout '0' is invalid. Using default page load timeout: '30'

2022-11-05 14:12:50 - [MESSAGE][PASSED] - Tapped on element 'Object Repository/android.login.Button'

2022-11-05 14:12:50 - [MESSAGE][WARNING] - Timeout '0' is invalid. Using default page load timeout: '30'

2022-11-05 14:12:56 - [MESSAGE][PASSED] - Tapped on element 'Object Repository/Logout/android.widget.EditText - Email'

2022-11-05 14:12:56 - [MESSAGE][WARNING] - Timeout '0' is invalid. Using default page load timeout: '30'

2022-11-05 14:12:57 - [MESSAGE][PASSED] - Text 'zack@gmail.com' has been set to element 'Object Repository/Logout/android.widget.EditText - Email (1)'

2022-11-05 14:12:57 - [MESSAGE][WARNING] - Timeout '0' is invalid. Using default page load timeout: '30'

2022-11-05 14:12:59 - [MESSAGE][PASSED] - Tapped on element 'Object Repository/Logout/android.widget.EditText - Password'

2022-11-05 14:12:59 - [MESSAGE][WARNING] - Timeout '0' is invalid. Using default page load timeout: '30'

2022-11-05 14:13:00 - [MESSAGE][PASSED] - Text 'zack123' has been set to element 'Object Repository/Logout/android.widget.EditText - Password (1)'

2022-11-05 14:13:00 - [MESSAGE][WARNING] - Timeout '0' is invalid. Using default page load timeout: '30'

2022-11-05 14:13:01 - [MESSAGE][PASSED] - Tapped on element 'Object Repository/Logout/android.widget.Button (1)'

2022-11-05 14:13:01 - [MESSAGE][PASSED] - User already logged in with account

2022-11-05 14:13:01 - [TEST_STEP][PASSED] - User tap logout button on homepage: User tap logout button on homepage

2022-11-05 14:13:01 - [MESSAGE][WARNING] - Timeout '0' is invalid. Using default page load timeout: '30'

2022-11-05 14:13:03 - [MESSAGE][PASSED] - Element 'Object Repository/Logout/android.view.View' is visible

2022-11-05 14:13:03 - [MESSAGE][PASSED] - User tap logout button on homepage

2022-11-05 14:13:03 - [TEST_STEP][PASSED] - User success logout: User success logout

2022-11-05 14:13:03 - [MESSAGE][PASSED] - Press back button successfully

2022-11-05 14:13:04 - [MESSAGE][PASSED] - Close app successfully

2022-11-05 14:13:04 - [MESSAGE][PASSED] - User success logout

2022-11-05 14:13:04 - [MESSAGE][PASSED] - Feature file: 'Include/features/logout.feature' was passed]]></system-out>
         <system-err><![CDATA[]]></system-err>
      </testcase>
      <system-out><![CDATA[2022-11-05 14:03:36 - [TEST_SUITE][PASSED] - Test Suite Mobile: Test Cases/Feature Test]]></system-out>
      <system-err><![CDATA[]]></system-err>
   </testsuite>
</testsuites>
